SF:lib/widgets/premium_search_bar.dart
DA:21,2
DA:30,2
DA:31,2
DA:39,2
DA:41,2
DA:42,4
DA:43,2
DA:44,2
DA:46,8
DA:47,6
DA:50,3
DA:52,1
DA:53,2
DA:54,2
DA:56,0
DA:58,2
DA:61,2
DA:63,8
DA:64,6
DA:65,4
DA:66,4
DA:67,2
DA:70,2
DA:72,2
DA:73,8
DA:74,6
DA:77,0
DA:79,0
DA:80,0
DA:81,0
DA:88,2
DA:89,2
DA:91,2
DA:92,2
DA:100,2
DA:101,2
DA:102,2
DA:107,2
DA:108,2
DA:109,2
DA:110,2
DA:112,2
DA:113,2
DA:114,2
DA:116,2
DA:117,2
DA:118,2
DA:119,2
DA:120,2
DA:121,4
DA:122,4
DA:124,2
DA:131,2
DA:132,2
DA:133,4
DA:134,2
DA:135,4
DA:137,2
DA:138,4
DA:139,2
DA:140,2
DA:146,6
DA:151,4
DA:154,2
DA:157,2
DA:158,2
DA:160,1
DA:162,1
DA:163,0
DA:164,0
DA:165,0
DA:166,0
DA:169,2
DA:171,2
DA:172,4
DA:174,2
LF:76
LH:67
end_of_record
SF:lib/controllers/bookings_controller.dart
DA:7,0
DA:9,0
DA:10,0
DA:13,0
DA:14,0
DA:17,0
DA:19,0
DA:20,0
DA:27,0
LF:9
LH:0
end_of_record
SF:lib/controllers/favorites_controller.dart
DA:17,1
DA:19,1
DA:20,1
DA:24,1
DA:25,1
DA:26,0
DA:30,0
DA:32,0
DA:34,0
DA:36,0
DA:37,0
DA:38,0
DA:41,0
DA:46,0
DA:49,0
DA:50,0
DA:52,0
DA:57,0
DA:58,0
DA:59,0
DA:60,0
DA:65,0
DA:66,0
DA:67,0
DA:71,0
DA:72,0
DA:73,0
DA:75,0
DA:80,1
DA:81,2
DA:85,0
DA:86,0
DA:90,0
DA:91,0
DA:92,0
LF:35
LH:7
end_of_record
SF:lib/models/farmhouse_model.dart
DA:10,0
DA:21,0
DA:22,0
DA:23,0
DA:24,0
DA:25,0
DA:26,0
DA:27,0
DA:28,0
DA:33,0
DA:34,0
DA:35,0
DA:36,0
DA:37,0
DA:38,0
DA:39,0
DA:40,0
DA:44,0
DA:47,0
DA:50,0
DA:51,0
LF:21
LH:0
end_of_record
SF:lib/screens/bookings_screen.dart
DA:12,2
DA:14,0
DA:15,0
DA:22,0
DA:24,0
DA:25,0
DA:26,0
DA:29,0
DA:30,0
DA:31,0
DA:33,0
DA:34,0
DA:35,0
DA:38,0
DA:40,0
DA:41,0
DA:44,0
DA:45,0
DA:47,0
DA:53,0
DA:54,0
DA:56,0
DA:59,0
DA:60,0
DA:62,0
DA:64,0
DA:66,0
DA:67,0
DA:68,0
DA:69,0
DA:70,0
DA:71,0
DA:77,0
DA:78,0
DA:79,0
DA:80,0
DA:82,0
DA:83,0
DA:86,0
DA:89,0
DA:90,0
DA:91,0
DA:93,0
DA:99,0
DA:101,0
DA:102,0
DA:103,0
DA:104,0
DA:115,0
DA:116,0
DA:118,0
DA:119,0
DA:120,0
DA:121,0
DA:122,0
DA:123,0
DA:130,0
DA:131,0
DA:132,0
DA:134,0
DA:135,0
DA:136,0
DA:137,0
DA:138,0
DA:140,0
DA:143,0
LF:66
LH:1
end_of_record
SF:lib/widgets/app_drawer.dart
DA:5,2
DA:7,0
DA:9,0
DA:10,0
DA:12,0
DA:21,0
DA:24,0
DA:25,0
DA:29,0
DA:32,0
DA:33,0
DA:37,0
DA:40,0
DA:41,0
DA:47,0
DA:50,0
DA:52,0
LF:17
LH:1
end_of_record
SF:lib/widgets/no_data_widget.dart
DA:6,2
DA:8,0
DA:10,0
DA:11,0
DA:13,0
DA:14,0
DA:17,0
DA:20,0
DA:21,0
DA:22,0
DA:24,0
LF:11
LH:1
end_of_record
SF:lib/widgets/loading_widget.dart
DA:6,2
DA:11,0
DA:13,0
DA:14,0
DA:16,0
DA:18,0
DA:20,0
DA:21,0
LF:8
LH:1
end_of_record
SF:lib/widgets/booking_item.dart
DA:8,0
DA:13,0
DA:15,0
DA:17,0
DA:19,0
DA:20,0
DA:21,0
DA:24,0
DA:25,0
DA:26,0
DA:27,0
DA:29,0
DA:30,0
DA:32,0
DA:35,0
DA:36,0
DA:37,0
DA:44,0
DA:45,0
DA:47,0
DA:52,0
DA:53,0
DA:54,0
DA:57,0
DA:58,0
DA:64,0
DA:66,0
DA:75,0
DA:76,0
DA:77,0
DA:79,0
DA:81,0
DA:83,0
DA:84,0
DA:85,0
DA:87,0
DA:88,0
DA:89,0
DA:90,0
DA:93,0
DA:94,0
DA:97,0
DA:98,0
DA:99,0
DA:100,0
DA:109,0
DA:115,0
DA:120,0
DA:121,0
DA:122,0
DA:123,0
DA:124,0
DA:128,0
DA:130,0
DA:133,0
DA:139,0
DA:140,0
DA:143,0
DA:144,0
DA:146,0
DA:151,0
DA:153,0
DA:154,0
DA:156,0
DA:157,0
DA:159,0
DA:160,0
DA:162,0
DA:163,0
DA:165,0
DA:166,0
DA:168,0
DA:171,0
DA:172,0
DA:174,0
DA:175,0
DA:182,0
DA:183,0
DA:184,0
DA:185,0
DA:186,0
DA:187,0
DA:189,0
DA:193,0
DA:194,0
DA:197,0
DA:198,0
DA:199,0
DA:201,0
LF:89
LH:0
end_of_record
SF:lib/screens/farmhouse_details_screen.dart
DA:15,0
DA:26,0
DA:27,0
DA:44,0
DA:88,0
DA:90,0
DA:92,0
DA:95,0
DA:96,0
DA:98,0
DA:99,0
DA:100,0
DA:101,0
DA:102,0
DA:103,0
DA:104,0
DA:108,0
DA:110,0
DA:111,0
DA:112,0
DA:114,0
DA:115,0
DA:116,0
DA:117,0
DA:118,0
DA:122,0
DA:123,0
DA:126,0
DA:135,0
DA:139,0
DA:141,0
DA:142,0
DA:143,0
DA:144,0
DA:146,0
DA:149,0
DA:150,0
DA:151,0
DA:163,0
DA:164,0
DA:165,0
DA:166,0
DA:167,0
DA:168,0
DA:169,0
DA:170,0
DA:178,0
DA:180,0
DA:183,0
DA:184,0
DA:185,0
DA:190,0
DA:191,0
DA:194,0
DA:207,0
DA:209,0
DA:211,0
DA:212,0
DA:213,0
DA:221,0
DA:222,0
DA:229,0
DA:230,0
DA:232,0
DA:233,0
DA:234,0
DA:242,0
DA:243,0
DA:255,0
DA:257,0
DA:258,0
DA:259,0
DA:260,0
DA:262,0
DA:264,0
DA:274,0
DA:275,0
DA:276,0
DA:278,0
DA:279,0
DA:280,0
DA:285,0
DA:286,0
DA:287,0
DA:291,0
DA:293,0
DA:295,0
DA:296,0
DA:297,0
DA:301,0
DA:303,0
DA:304,0
DA:306,0
DA:315,0
DA:316,0
DA:317,0
DA:318,0
DA:337,0
DA:338,0
DA:339,0
DA:340,0
DA:342,0
DA:343,0
DA:344,0
DA:345,0
DA:346,0
DA:351,0
DA:352,0
DA:357,0
DA:359,0
DA:361,0
DA:362,0
DA:363,0
DA:364,0
DA:365,0
DA:369,0
DA:371,0
DA:372,0
DA:374,0
DA:383,0
DA:384,0
DA:385,0
DA:386,0
DA:387,0
DA:390,0
DA:397,0
DA:399,0
DA:409,0
DA:414,0
DA:416,0
DA:417,0
DA:418,0
DA:422,0
DA:423,0
DA:425,0
DA:431,0
DA:436,0
DA:437,0
DA:439,0
DA:441,0
DA:442,0
DA:444,0
DA:445,0
DA:455,0
DA:457,0
DA:458,0
DA:459,0
DA:461,0
DA:463,0
DA:464,0
DA:466,0
DA:474,0
DA:475,0
DA:485,0
DA:486,0
DA:506,0
DA:515,0
DA:516,0
DA:517,0
DA:518,0
DA:519,0
DA:520,0
DA:522,0
DA:523,0
DA:524,0
DA:526,0
DA:527,0
DA:533,0
DA:534,0
DA:566,0
DA:568,0
DA:569,0
DA:570,0
DA:571,0
DA:573,0
DA:575,0
DA:585,0
DA:586,0
DA:587,0
DA:589,0
DA:591,0
DA:603,0
DA:604,0
DA:606,0
DA:607,0
DA:608,0
DA:609,0
DA:611,0
DA:612,0
DA:645,0
DA:647,0
DA:649,0
DA:650,0
DA:651,0
DA:652,0
DA:655,0
DA:656,0
DA:657,0
DA:659,0
DA:660,0
DA:662,0
DA:681,0
DA:684,0
DA:685,0
DA:686,0
DA:688,0
DA:690,0
DA:691,0
DA:692,0
DA:693,0
DA:694,0
DA:696,0
DA:697,0
DA:698,0
DA:707,0
DA:708,0
DA:709,0
DA:710,0
DA:713,0
DA:715,0
DA:736,0
DA:739,0
DA:740,0
DA:741,0
DA:742,0
DA:744,0
DA:745,0
DA:746,0
DA:747,0
DA:751,0
DA:752,0
DA:753,0
DA:758,0
DA:759,0
DA:763,0
DA:764,0
DA:767,0
DA:777,0
DA:778,0
DA:783,0
DA:785,0
DA:786,0
DA:787,0
DA:797,0
DA:798,0
DA:805,0
DA:806,0
DA:814,0
DA:815,0
DA:824,0
DA:825,0
DA:836,0
DA:838,0
DA:840,0
DA:856,0
DA:858,0
DA:860,0
DA:861,0
DA:862,0
DA:868,0
DA:869,0
DA:870,0
DA:871,0
DA:883,0
DA:884,0
DA:885,0
DA:886,0
DA:888,0
DA:889,0
DA:890,0
DA:891,0
DA:898,0
DA:901,0
DA:902,0
LF:274
LH:0
end_of_record
SF:lib/screens/favorites_screen.dart
DA:8,2
DA:10,0
DA:11,0
DA:17,0
DA:19,0
DA:20,0
DA:23,0
DA:25,0
DA:26,0
DA:27,0
DA:39,0
DA:40,0
DA:41,0
DA:42,0
DA:45,0
DA:46,0
DA:48,0
DA:49,0
DA:54,0
DA:55,0
DA:56,0
DA:59,0
DA:60,0
DA:61,0
DA:62,0
DA:63,0
DA:85,0
DA:86,0
DA:87,0
DA:88,0
DA:89,0
DA:91,0
DA:92,0
DA:95,0
DA:98,0
DA:100,0
DA:103,0
DA:107,0
DA:109,0
DA:111,0
DA:116,0
DA:117,0
DA:118,0
DA:122,0
DA:135,0
DA:137,0
DA:138,0
DA:139,0
DA:140,0
DA:142,0
DA:143,0
DA:144,0
DA:145,0
DA:146,0
DA:164,0
DA:170,0
DA:172,0
DA:174,0
DA:175,0
DA:176,0
DA:177,0
DA:180,0
DA:181,0
DA:182,0
DA:187,0
DA:188,0
DA:189,0
DA:190,0
DA:192,0
DA:193,0
DA:194,0
DA:195,0
DA:201,0
DA:204,0
DA:205,0
DA:206,0
DA:208,0
DA:211,0
DA:212,0
DA:213,0
DA:229,0
DA:231,0
DA:233,0
DA:235,0
DA:236,0
DA:247,0
DA:248,0
DA:255,0
DA:256,0
DA:257,0
DA:270,0
DA:272,0
DA:273,0
DA:274,0
DA:280,0
DA:281,0
DA:292,0
DA:294,0
DA:295,0
DA:296,0
DA:298,0
DA:299,0
DA:300,0
DA:301,0
DA:302,0
DA:303,0
DA:304,0
DA:305,0
DA:310,0
LF:109
LH:1
end_of_record
SF:lib/widgets/image_with_fallback.dart
DA:14,1
DA:22,1
DA:24,1
DA:25,1
DA:26,1
DA:27,1
DA:28,1
DA:30,1
DA:32,0
DA:33,0
DA:34,0
DA:35,0
DA:36,0
DA:37,0
DA:48,1
DA:49,4
DA:50,3
DA:54,1
DA:55,1
DA:56,1
DA:59,1
LF:21
LH:15
end_of_record
SF:lib/screens/home_screen.dart
DA:18,1
DA:20,1
DA:21,1
DA:129,1
DA:131,1
DA:132,2
DA:133,3
DA:135,2
DA:136,3
DA:138,3
DA:141,1
DA:143,2
DA:144,1
DA:146,1
DA:148,1
DA:152,0
DA:154,0
DA:155,0
DA:156,0
DA:157,0
DA:159,0
DA:160,0
DA:161,0
DA:162,0
DA:163,0
DA:164,0
DA:167,0
DA:171,0
DA:172,0
DA:173,0
DA:175,0
DA:176,0
DA:178,0
DA:179,0
DA:187,0
DA:188,0
DA:189,0
DA:190,0
DA:191,0
DA:193,0
DA:194,0
DA:195,0
DA:199,0
DA:200,0
DA:202,0
DA:203,0
DA:206,0
DA:209,0
DA:210,0
DA:211,0
DA:213,0
DA:214,0
DA:216,0
DA:217,0
DA:218,0
DA:220,0
DA:221,0
DA:222,0
DA:231,1
DA:233,1
DA:235,1
DA:236,1
DA:237,1
DA:238,1
DA:239,1
DA:240,1
DA:245,1
DA:246,1
DA:247,0
DA:251,1
DA:264,1
DA:265,3
DA:266,0
DA:267,0
DA:268,0
DA:276,1
DA:277,1
DA:278,1
DA:279,1
DA:280,1
DA:282,1
DA:283,1
DA:286,1
DA:287,1
DA:300,1
DA:302,1
DA:304,1
DA:305,1
DA:306,1
DA:307,1
DA:309,1
DA:310,1
DA:311,1
DA:313,1
DA:315,1
DA:319,2
DA:342,1
DA:343,1
DA:344,0
DA:345,0
DA:346,0
DA:352,1
DA:353,3
DA:360,1
DA:372,1
DA:373,1
DA:374,0
DA:375,0
DA:376,0
DA:378,1
DA:380,1
DA:381,1
DA:382,1
DA:383,0
DA:384,0
DA:385,0
DA:389,1
DA:390,1
DA:391,1
DA:392,0
DA:397,2
DA:406,1
DA:410,1
DA:411,0
DA:412,0
DA:413,0
DA:414,0
DA:415,0
DA:416,0
DA:418,0
DA:426,0
DA:427,0
DA:429,0
DA:430,0
DA:432,0
DA:434,0
DA:439,0
DA:440,0
DA:444,0
DA:445,0
DA:450,0
DA:451,0
DA:455,0
DA:456,0
DA:459,0
DA:461,0
DA:463,0
DA:464,0
DA:465,0
DA:472,0
DA:473,0
DA:477,0
DA:478,0
DA:483,0
DA:485,0
DA:486,0
DA:487,0
DA:488,0
DA:489,0
DA:490,0
DA:497,0
DA:498,0
DA:506,0
DA:511,0
DA:512,0
DA:513,0
DA:514,0
DA:515,0
DA:517,0
DA:518,0
DA:520,0
DA:525,0
DA:526,0
DA:527,0
DA:529,0
DA:530,0
DA:531,0
DA:532,0
DA:533,0
DA:534,0
DA:535,0
DA:537,0
LF:182
LH:66
end_of_record
SF:lib/screens/profile_screen.dart
DA:4,2
DA:6,0
DA:7,0
DA:27,0
DA:29,0
DA:30,0
DA:31,0
DA:32,0
DA:35,0
DA:37,0
DA:38,0
DA:39,0
DA:40,0
DA:43,0
DA:44,0
DA:45,0
DA:46,0
DA:47,0
DA:48,0
DA:50,0
DA:55,0
DA:57,0
DA:58,0
DA:61,0
DA:62,0
DA:63,0
DA:64,0
DA:65,0
DA:66,0
DA:68,0
DA:71,0
DA:75,0
DA:76,0
DA:77,0
DA:79,0
DA:80,0
DA:86,0
DA:87,0
DA:89,0
DA:91,0
DA:95,0
DA:96,0
DA:105,0
DA:106,0
DA:117,0
DA:119,0
DA:120,0
DA:122,0
DA:123,0
DA:124,0
DA:125,0
DA:131,0
DA:133,0
DA:134,0
DA:135,0
DA:137,0
DA:139,0
DA:141,0
DA:147,0
DA:149,0
DA:151,0
DA:160,0
DA:164,0
DA:166,0
DA:170,0
DA:172,0
DA:176,0
DA:178,0
DA:182,0
DA:191,0
DA:193,0
DA:195,0
DA:196,0
DA:199,0
DA:215,0
DA:216,0
DA:217,0
DA:218,0
DA:227,0
DA:229,0
DA:231,0
DA:238,0
DA:244,0
DA:246,0
DA:247,0
DA:256,0
DA:258,0
DA:259,0
DA:260,0
DA:261,0
DA:262,0
DA:265,0
DA:273,0
DA:279,0
DA:281,0
DA:282,0
DA:283,0
DA:284,0
DA:291,0
DA:292,0
DA:297,0
DA:298,0
DA:299,0
DA:300,0
DA:303,0
DA:304,0
DA:305,0
DA:308,0
DA:309,0
DA:310,0
DA:317,0
DA:319,0
LF:112
LH:1
end_of_record
SF:lib/widgets/search_card.dart
DA:8,1
DA:10,1
DA:11,1
DA:23,1
DA:25,1
DA:26,2
DA:27,0
DA:28,0
DA:33,1
DA:35,2
DA:36,2
DA:37,1
DA:40,0
DA:41,0
DA:42,0
DA:43,0
DA:44,0
DA:46,0
DA:48,0
DA:49,0
DA:51,0
DA:55,0
DA:58,0
DA:59,0
DA:60,0
DA:61,0
DA:62,0
DA:63,0
DA:64,0
DA:66,0
DA:67,0
DA:69,0
DA:70,0
DA:71,0
DA:72,0
DA:76,0
DA:78,0
DA:79,0
DA:80,0
DA:81,0
DA:85,0
DA:89,0
DA:92,5
DA:94,1
DA:98,1
DA:101,1
DA:103,1
DA:104,3
DA:106,2
DA:107,2
DA:108,1
DA:111,2
DA:112,1
DA:115,2
DA:116,1
DA:119,2
DA:120,1
DA:123,1
DA:126,1
DA:127,0
DA:128,0
DA:129,0
DA:130,0
DA:131,0
DA:132,0
DA:133,0
DA:135,0
DA:137,3
DA:146,1
DA:147,2
DA:148,1
DA:151,3
DA:152,2
DA:153,1
DA:155,1
DA:156,1
DA:157,1
DA:158,1
DA:159,1
DA:166,1
DA:168,2
DA:169,2
DA:170,1
DA:171,0
DA:172,1
DA:175,3
DA:176,6
DA:181,1
DA:182,2
DA:183,1
DA:184,1
DA:185,1
DA:188,3
DA:189,7
LF:94
LH:53
end_of_record
SF:lib/widgets/state_selector.dart
DA:7,1
DA:13,1
DA:15,1
DA:16,0
DA:17,1
DA:19,1
DA:21,1
DA:22,1
DA:23,1
DA:29,1
DA:31,1
DA:34,1
DA:35,1
DA:46,0
DA:47,0
DA:54,0
DA:59,0
DA:61,0
DA:62,0
DA:63,0
DA:64,0
DA:67,0
DA:68,0
DA:69,0
DA:73,0
LF:25
LH:12
end_of_record
SF:lib/widgets/category_tabs.dart
DA:10,1
DA:17,1
DA:19,1
DA:21,1
DA:23,1
DA:24,3
DA:25,2
DA:26,1
DA:28,1
DA:29,0
DA:30,1
DA:32,1
DA:34,1
DA:35,1
DA:37,1
DA:39,1
DA:41,1
DA:43,1
DA:44,1
DA:49,1
DA:51,1
DA:61,1
DA:67,1
DA:68,1
DA:69,1
DA:70,1
DA:71,1
DA:72,1
DA:73,1
DA:74,1
LF:30
LH:29
end_of_record
SF:lib/widgets/search_section.dart
DA:12,1
DA:19,1
DA:21,1
DA:23,1
DA:25,1
DA:26,1
DA:27,1
DA:28,1
DA:29,2
DA:34,1
DA:36,1
LF:11
LH:11
end_of_record
SF:lib/widgets/offers_banner.dart
DA:4,2
DA:6,1
DA:8,1
DA:10,1
DA:13,1
DA:14,1
DA:18,1
DA:19,2
DA:22,1
LF:9
LH:9
end_of_record
SF:lib/widgets/properties_grid.dart
DA:7,1
DA:9,1
DA:11,2
DA:12,0
DA:14,0
DA:28,1
DA:29,3
DA:30,1
DA:31,1
DA:32,1
DA:33,1
DA:34,1
DA:35,1
DA:36,3
DA:38,1
LF:15
LH:13
end_of_record
SF:lib/theme/app_theme.dart
DA:17,0
DA:18,0
DA:27,0
DA:37,0
DA:40,0
DA:41,0
DA:42,0
DA:45,0
DA:46,0
DA:50,0
DA:53,0
DA:60,0
DA:73,0
DA:74,0
DA:75,0
DA:77,0
DA:78,0
DA:79,0
DA:83,0
DA:85,0
DA:86,0
DA:87,0
DA:93,0
DA:96,0
DA:97,0
DA:98,0
DA:101,0
DA:102,0
DA:106,0
LF:29
LH:0
end_of_record
SF:lib/widgets/farmhouse_card.dart
DA:17,1
DA:28,1
DA:29,1
DA:41,1
DA:43,1
DA:44,1
DA:45,1
DA:46,4
DA:49,2
DA:50,3
DA:51,7
DA:55,0
DA:56,0
DA:58,0
DA:63,1
DA:65,2
DA:66,1
DA:69,0
DA:70,0
DA:71,0
DA:72,0
DA:73,0
DA:74,0
DA:75,0
DA:76,0
DA:77,0
DA:78,0
DA:79,0
DA:80,0
DA:83,0
DA:84,0
DA:86,0
DA:91,1
DA:93,1
DA:94,0
DA:96,0
DA:97,0
DA:98,0
DA:99,0
DA:100,0
DA:101,0
DA:102,0
DA:103,0
DA:104,0
DA:107,1
DA:109,1
DA:110,1
DA:111,1
DA:112,1
DA:113,1
DA:120,1
DA:122,1
DA:124,1
DA:125,1
DA:126,1
DA:129,1
DA:130,2
DA:138,1
DA:140,1
DA:143,1
DA:146,1
DA:162,1
DA:165,1
DA:166,1
DA:167,1
DA:168,0
DA:169,0
DA:171,1
DA:173,1
DA:174,1
DA:175,1
DA:183,1
DA:187,1
DA:188,2
DA:202,1
DA:204,1
DA:206,1
DA:207,1
DA:208,5
DA:209,2
DA:215,1
DA:217,1
DA:219,1
DA:221,1
DA:222,1
DA:223,5
DA:238,1
DA:239,1
DA:241,1
DA:242,1
DA:245,0
DA:246,0
DA:247,0
DA:248,0
DA:249,0
DA:250,0
DA:251,0
DA:252,0
DA:253,0
DA:254,0
DA:273,2
DA:275,1
DA:277,1
DA:279,1
DA:281,1
DA:283,1
DA:284,3
LF:107
LH:67
end_of_record
